C51 COMPILER V9.52.0.0   DEBUG                                                             06/06/2026 21:26:43 PAGE 1   


C51 COMPILER V9.52.0.0, COMPILATION OF MODULE DEBUG
OBJECT MODULE PLACED IN .\Release\Objects\debug.obj
COMPILER INVOKED BY: D:\Keil\C51\BIN\C51.EXE ..\..\Libraries\Source\debug.c BROWSE INTVECTOR(0X8000) INCDIR(..\..\Librar
                    -ies\Include;..\..\User) INTERVAL(3) DEBUG OBJECTEXTEND PRINT(.\Release\Listings\debug.lst) TABS(2) OBJECT(.\Release\Obje
                    -cts\debug.obj)

line level    source

   1          /**
   2            ******************************************************************************
   3            * @file    debug.c
   4            * @author  HUGE-IC Application Team
   5            * @version V1.0.0
   6            * @date    26-02-2022
   7            * @brief   Main program body
   8            ******************************************************************************
   9            * @attention
  10            *
  11            * <h2><center>&copy; COPYRIGHT 2021 HUGE-IC</center></h2>
  12            *
  13            *
  14            *
  15            ******************************************************************************
  16            */ 
  17          
  18          /* Includes ------------------------------------------------------------------*/
  19          #include "include.h"
  20          
  21          /** @addtogroup Template_Project
  22            * @{
  23            */
  24            
  25          /* Private typedef -----------------------------------------------------------*/
  26          /* Private define ------------------------------------------------------------*/
  27          /* Private macro -------------------------------------------------------------*/
  28          /* Private variables ---------------------------------------------------------*/
  29          /* Private function prototypes -----------------------------------------------*/
  30          /* Private functions ---------------------------------------------------------*/
  31          
  32          /**
  33            * @brief  Delay function
  34            * @param  cnt : the number of cnt to delay
  35            * @retval None
  36            */
  37          void delay(u16 cnt)
  38          {
  39   1          while(cnt--) {
  40   2          }
  41   1      }
  42          
  43          /**
  44            * @brief  Delay function
  45            * @param  ms : the number of ms to delay
  46            * @retval None
  47            */
  48          void delay_ms(u16 ms)
  49          {
  50   1          while(ms--) {
  51   2              delay(1662);
  52   2          }
  53   1      }
C51 COMPILER V9.52.0.0   DEBUG                                                             06/06/2026 21:26:43 PAGE 2   

  54          
  55          /**
  56            * @brief  Debug puchar function
  57            * @param  uart_data : Data that needs to be sent
  58            * @retval None
  59            */
  60          void debug_putchar(u8 uart_data)
  61          {
  62   1          while(!(UART0_STA & (1 << 4)));
  63   1          UART0_DATA = uart_data;
  64   1          while(!(UART0_STA & (1 << 4)));
  65   1      }
  66          
  67          /**
  68            * @brief  Debug initialization function
  69            * @param  None
  70            * @retval None
  71            */
  72          void debug_init(void)
  73          {
  74   1          u8 i = 0;
  75   1          
  76   1          // UART0 IO : TX--P13(AF3)
  77   1          P1_MD0 &= ~0xC0;
  78   1          P1_MD0 |=  0x80;
  79   1          P1_AF0 |=  0xC0;
  80   1          
  81   1          while(!(UART0_STA & (1 << 4)));
  82   1          
  83   1          UART0_BAUD1 = (((SYSCLK-DEBUG_BAUD)/DEBUG_BAUD) >> 8) & 0xFF;
  84   1          UART0_BAUD0 =  ((SYSCLK-DEBUG_BAUD)/DEBUG_BAUD) & 0xFF;
  85   1          UART0_CON   = 0x10;
  86   1      }
  87          
  88          /**
  89            * @brief  Debug User printf function
  90            * @param  p_data : The string to send
  91            * @retval None
  92            */
  93          void user_printf(char *p_data)
  94          {
  95   1          while(*p_data != '\0') {
  96   2              debug_putchar(*p_data++);
  97   2          }
  98   1      }
  99            
 100          
 101          /*************************** (C) COPYRIGHT 2021 HUGE-IC ***** END OF FILE *****/


MODULE INFORMATION:   STATIC OVERLAYABLE
   CODE SIZE        =    119    ----
   CONSTANT SIZE    =   ----    ----
   XDATA SIZE       =   ----    ----
   PDATA SIZE       =   ----    ----
   DATA SIZE        =   ----       4
   IDATA SIZE       =   ----    ----
   BIT SIZE         =   ----    ----
END OF MODULE INFORMATION.


C51 COMPILATION COMPLETE.  0 WARNING(S),  0 ERROR(S)
