C51 COMPILER V9.52.0.0   MAIN                                                              12/03/2024 17:40:32 PAGE 1   


C51 COMPILER V9.52.0.0, COMPILATION OF MODULE MAIN
OBJECT MODULE PLACED IN .\Release\Objects\main.obj
COMPILER INVOKED BY: D:\Keil\C51\BIN\C51.EXE ..\..\User\main.c BROWSE INTVECTOR(0X8000) INCDIR(..\..\Libraries\Include;.
                    -.\..\User) INTERVAL(3) DEBUG OBJECTEXTEND PRINT(.\Release\Listings\main.lst) TABS(2) OBJECT(.\Release\Objects\main.obj)

line level    source

   1          /**
   2            ******************************************************************************
   3            * @file    main.c
   4            * @author  Fogic
   5            * @version V1.0.0
   6            * @date    2024-10-12
   7            * @brief   Main program body
   8            ******************************************************************************
   9            * @attention
  10            */ 
  11          
  12          #ifndef __FOGIC_MAIN_C__
  13          #define __FOGIC_MAIN_C__
  14          
  15          // ============================================================================ //
  16          #include "include.h"
  17          
  18          // ============================================================================ //
  19          // ˛ÎĘý¶¨Ňĺ
  20          u8  SysTick_IRQ = 0;
  21          u32 SysTick_CNT = 0;
  22          
  23          
  24          
  25          // ============================================================================ //
  26          void main( void )
  27          {
  28   1          system_init();
  29   1          rf_spi_init();
  30   1        Fogic_Target_Init();
*** WARNING C206 IN LINE 30 OF ..\..\User\main.c: 'Fogic_Target_Init': missing function-prototype
  31   1        Fogic_SysTick_Init();
*** WARNING C206 IN LINE 31 OF ..\..\User\main.c: 'Fogic_SysTick_Init': missing function-prototype
  32   1        
  33   1          while( 1 )
  34   1        {
  35   2          if( SysTick_IRQ )
  36   2          {
  37   3            SysTick_IRQ = 0;
  38   3            SysTick_CNT++;
  39   3            
  40   3            Fogic_Main_Loop( &SysTick_CNT );
*** WARNING C206 IN LINE 40 OF ..\..\User\main.c: 'Fogic_Main_Loop': missing function-prototype
*** ERROR C267 IN LINE 40 OF ..\..\User\main.c: 'Fogic_Main_Loop': requires ANSI-style prototype
  41   3          }
  42   2        }
  43   1      }
  44          
  45          // ============================================================================ //
  46          #endif

C51 COMPILATION COMPLETE.  3 WARNING(S),  1 ERROR(S)
