C51 COMPILER V9.52.0.0   RF_OPERATE                                                        06/06/2026 21:26:42 PAGE 1   


C51 COMPILER V9.52.0.0, COMPILATION OF MODULE RF_OPERATE
OBJECT MODULE PLACED IN .\Release\Objects\rf_operate.obj
COMPILER INVOKED BY: D:\Keil\C51\BIN\C51.EXE ..\..\Libraries\Source\rf_operate.c BROWSE INTVECTOR(0X8000) INCDIR(..\..\L
                    -ibraries\Include;..\..\User) INTERVAL(3) DEBUG OBJECTEXTEND PRINT(.\Release\Listings\rf_operate.lst) TABS(2) OBJECT(.\Re
                    -lease\Objects\rf_operate.obj)

line level    source

   1          /**
   2            ******************************************************************************
   3            * @file    rf_operate.c
   4            * @author  HUGE-IC Application Team
   5            * @version V1.0.0
   6            * @date    26-02-2022
   7            * @brief   Main program body
   8            ******************************************************************************
   9            * @attention
  10            *
  11            * <h2><center>&copy; COPYRIGHT 2021 HUGE-IC</center></h2>
  12            *
  13            *
  14            *
  15            ******************************************************************************
  16            */ 
  17          
  18          /* Includes ------------------------------------------------------------------*/
  19          #include "include.h"
  20          
  21          /** @addtogroup Template_Project
  22            * @{
  23            */
  24            
  25          
  26          /* Private typedef -----------------------------------------------------------*/
  27          /* Private define ------------------------------------------------------------*/
  28          /* Private macro -------------------------------------------------------------*/
  29          /* Private variables ---------------------------------------------------------*/
  30          /* Private function prototypes -----------------------------------------------*/
  31          /* Private functions ---------------------------------------------------------*/
  32          
  33          /**
  34            * @brief  RF initialization function
  35            * @param  None
  36            * @retval None
  37            */
  38          void rf_init(void)
  39          {
  40   1          u8 wdata[5];
  41   1          
  42   1          rf_spi_write_byte(REG_BANK0_FEATURE, 0x20); // soft_reset
  43   1          
  44   1          rf_ce_low();    
  45   1          rf_spi_write_byte(REG_BANK0_CONFIG, 0x8b); // power up
  46   1          delay_ms(3); // wait 3 ms
  47   1          rf_spi_write_byte(REG_BANK0_PMU_CTL, 0xa8); // HS6220_PWRDWN = 00
  48   1          delay_ms(2);
  49   1          rf_spi_write_byte(REG_BANK0_FEATURE, 0x10); // VCO_AMP_TX_MUX = b'0, A2 don't need config this bit
  50   1          rf_bank_switch(RF_BANK1);
  51   1          rf_spi_write_byte(REG_BANK1_TEST_PKDET, 0x24); // pll_vdiv2_sel = 01, A2 don't need config this bit
  52   1          rf_bank_switch(RF_BANK0);
  53   1          rf_ce_high();
C51 COMPILER V9.52.0.0   RF_OPERATE                                                        06/06/2026 21:26:42 PAGE 2   

  54   1          delay_ms(1);  
  55   1          rf_ce_low(); // õĖĆÕ«ÜĶ”üµ│©µäÅ’╝īµĀĪÕćåńÜäµŚČÕĆÖCEµś»õĮÄńÜä
  56   1          
  57   1          while((rf_spi_read_byte(REG_BANK0_RF_SETUP) & 0x20) == 0x00);   //wait cal done
  58   1          rf_spi_write_byte(REG_BANK0_RF_SETUP, 0x40);  // cal_en = 0
  59   1          
  60   1          rf_bank_switch(RF_BANK1);   
  61   1          
  62   1          wdata[2] = 0x75;  // bp_dac =1 bp_rc = 1
  63   1          wdata[1] = 0x98;  // bp_vco_amp = 1 bp_vco_ldo=1
  64   1          wdata[0] = 0x20;
  65   1          rf_spi_write_buf(REG_BANK1_CAL_CTL, wdata, 3);
  66   1          
  67   1          wdata[2] = 0x05;
  68   1          wdata[1] = 0xa0;
  69   1          wdata[0] = 0x03;
  70   1          rf_spi_write_buf(REG_BANK1_FAGC_CTRL_1, wdata, 3);  // increase fitler agc threshold start (A2 don't n
             -eed config this bit) 
  71   1              
  72   1          wdata[1] = 0xb2;
  73   1          wdata[0] = 0xcf;  // increase fitler agc threshold 
  74   1          rf_spi_write_buf(REG_BANK1_AGC_CTRL, wdata, 2);     // increase fitler agc threshold end (A2 don't nee
             -d config this bit) 
  75   1          
  76   1          wdata[2] = 0x11;
  77   1          wdata[1] = 0x04;  
  78   1          wdata[0] = 0x1f;    
  79   1          rf_spi_write_buf(REG_BANK1_RF_IVGEN, wdata, 3);     //xtal_cc = 0x1f(A2 don't need config this bit, cu
             -stomer sample don't need config config)
  80   1          
  81   1          rf_bank_switch(RF_BANK0);   
  82   1          
  83   1          wdata[0]  = 'F';//0x46;
  84   1          wdata[1]  = 'O';//0x0b;
  85   1          wdata[2]  = 'G';//0xaf;
  86   1          wdata[3]  = 'I';//0x43;
  87   1          wdata[4]  = 'C';//0x98;    
  88   1          rf_spi_write_buf(REG_BANK0_RX_ADDR_P0, wdata, 5); // set rx address
  89   1          wdata[0]  = 'F';//0x46;
  90   1          wdata[1]  = 'O';//0x0b;
  91   1          wdata[2]  = 'G';//0xaf;
  92   1          wdata[3]  = 'I';//0x43;
  93   1          wdata[4]  = 'C';//0x98;    
  94   1          rf_spi_write_buf(REG_BANK0_TX_ADDR, wdata, 5);   //set tx address
  95   1          
  96   1          rf_clear_all_irq();
  97   1          rf_flush_tx();
  98   1          rf_flush_rx();
  99   1      }
 100          
 101          /**
 102            * @brief  RF CE high function
 103            * @param  None
 104            * @retval None
 105            */
 106          void rf_ce_high(void)
 107          {
 108   1          rf_spi_write_cmd(CMD_CE_HIGH);
 109   1      }
 110          
 111          /**
 112            * @brief  RF CE low function
C51 COMPILER V9.52.0.0   RF_OPERATE                                                        06/06/2026 21:26:42 PAGE 3   

 113            * @param  None
 114            * @retval None
 115            */
 116          void rf_ce_low(void)
 117          {
 118   1          rf_spi_write_cmd(CMD_CE_LOW);
 119   1      }
 120          
 121          /**
 122            * @brief  RF bank switch
 123            * @param  bank : bank type 
 124            * @retval None
 125            */
 126          void rf_bank_switch(TYPE_ENUM_BANK bank)
 127          {
 128   1          u8 sta;
 129   1          
 130   1          sta = rf_spi_read_byte(REG_BANK0_STATUS);
 131   1          if(bank != RF_BANK0) 
 132   1        {
 133   2              if(!(sta & (RF_BANK1 << 7))) 
 134   2          {
 135   3                  rf_spi_write_cmd_data(CMD_ACTIVATE, CMD_ACTIVATE_DATA);
 136   3              }
 137   2          } 
 138   1        else 
 139   1        {
 140   2              if(sta & (RF_BANK1 << 7)) 
 141   2          {
 142   3                  rf_spi_write_cmd_data(CMD_ACTIVATE, CMD_ACTIVATE_DATA);
 143   3              }
 144   2          }
 145   1      }
 146          
 147          /**
 148            * @brief  RF clear all interrupt function
 149            * @param  None
 150            * @retval None
 151            */
 152          void rf_clear_all_irq(void)
 153          {
 154   1          rf_spi_write_byte(REG_BANK0_STATUS, 0x70);
 155   1      }
 156          
 157          /**
 158            * @brief  RF flush tx function
 159            * @param  None
 160            * @retval None
 161            */
 162          void rf_flush_tx(void)
 163          {
 164   1          rf_spi_write_cmd(CMD_FLUSH_TX);
 165   1      }
 166          
 167          /**
 168            * @brief  RF flush rx function
 169            * @param  None
 170            * @retval None
 171            */
 172          void rf_flush_rx(void)
 173          {
 174   1          rf_spi_write_cmd(CMD_FLUSH_RX); 
C51 COMPILER V9.52.0.0   RF_OPERATE                                                        06/06/2026 21:26:42 PAGE 4   

 175   1      }
 176          
 177          /**
 178            * @brief  RF mode switch function
 179            * @param  mode : mode type
 180            * @retval None
 181            */
 182          void rf_mode_switch(TYPE_ENUM_MODE mode)
 183          {
 184   1          u8 reg_val;
 185   1          
 186   1          reg_val = rf_spi_read_byte(REG_BANK0_CONFIG);
 187   1          if(mode != RF_MODE_RX) 
 188   1        {
 189   2              reg_val &= 0xfe;
 190   2          }
 191   1        else 
 192   1        {
 193   2              reg_val |= 0x01;
 194   2          }
 195   1          
 196   1          rf_spi_write_byte(REG_BANK0_CONFIG, reg_val);
 197   1          if(mode == RF_MODE_CARRIER) 
 198   1        {
 199   2              reg_val = rf_spi_read_byte(REG_BANK0_RF_SETUP) | 0x80;
 200   2              rf_spi_write_byte(REG_BANK0_RF_SETUP, reg_val);
 201   2              /* µ│©µäÅ’╝Üµ£Ćķ½śõĮŹõĖ║ĶĮĮµ│óõĮ┐ĶāĮõĮŹ’╝īĶ«ŠńĮ«õ║åĶĮĮµ│óµ©ĪÕ╝Åõ╣ŗÕÉÄ’╝īCEĶ”üµŗēķ½ś’╝īĶĮĮµ│óµēŹõ╝Ü
             -Õć║µØź’╝ø
 202   2                  Õ”éµ×£õĖŹĶ”üÕłćµŹóķóæńé╣’╝īÕŖ¤ńÄćńŁē’╝īÕ░▒õĖŹĶ”üÕÄ╗Õ£©µōŹõĮ£RF’╝īÕÉ”ÕłÖõ╝Üń£ŗõĖŹÕł░ĶĮĮµ│óõ┐ĪÕÅ
             -ĘńÜä*/
 203   2          }
 204   1      }
 205          
 206          /**
 207            * @brief  RF send data pack function
 208            * @param  cmd   : command to send packets
 209            * @param  p_buf : the pointer to write data  
 210            * @param  len   : data length, from 1 to 32 bytes
 211            * @retval None
 212            */
 213          void rf_send_pack(u8 cmd, u8 *p_buf, u8 len)
 214          {
 215   1          u8 sta;
 216   1          
 217   1          sta = rf_spi_read_byte(REG_BANK0_STATUS);
 218   1          if(!(sta & RF_STATUS_TX_FULL)) 
 219   1        {
 220   2              rf_spi_write_buf(cmd, p_buf, len);
 221   2          }
 222   1      }
 223          
 224          /**
 225            * @brief  RF receive data pack function
 226            * @param  p_buf : the pointer to read data  
 227            * @retval data length
 228            */
 229          u8 rf_receive_pack(u8 *p_buf)
 230          {
 231   1          u8 sta;
 232   1          u8 fifo_sta;
 233   1          u8 len;
 234   1          
C51 COMPILER V9.52.0.0   RF_OPERATE                                                        06/06/2026 21:26:42 PAGE 5   

 235   1          sta = rf_spi_read_byte(REG_BANK0_STATUS);
 236   1          if(sta & RF_STATUS_RX_DR) 
 237   1        {
 238   2              do{
 239   3            len = rf_spi_read_byte(CMD_R_RX_PL_WID);
 240   3                  if(len <= RF_FIFO_MAX_PACK_SIZE) 
 241   3            {
 242   4                      rf_spi_read_buf(CMD_R_RX_PAYLOAD, p_buf, len);
 243   4                  }
 244   3            else 
 245   3            {
 246   4                      rf_flush_rx();
 247   4                  }
 248   3                  fifo_sta = rf_spi_read_byte(REG_BANK0_FIFO_STATUS);
 249   3              }while(!(fifo_sta & RF_FIFO_STATUS_RX_EMPTY)); // not empty continue read out 
 250   2              
 251   2              rf_spi_write_byte(REG_BANK0_STATUS, sta);   // clear irq 
 252   2              return len;
 253   2          }
 254   1          
 255   1          if(sta & (RF_STATUS_RX_DR | RF_STATUS_TX_DS | RF_STATUS_MAX_RT)) 
 256   1        { 
 257   2              rf_spi_write_byte(REG_BANK0_STATUS, sta);   //clear irq 
 258   2          }
 259   1          return 0;
 260   1      }
 261          
 262          /**
 263            * @brief  RF set rate function
 264            * @param  rate : the rate to set
 265            * @retval None
 266            */
 267          void rf_set_rate(TYPE_ENUM_RATE rate)
 268          {
 269   1          u8 val;
 270   1          val = rf_spi_read_byte(REG_BANK0_RF_SETUP);
 271   1          switch(rate) {
 272   2              case RF_RATE_1M:
 273   2                  val &= 0xf7;
 274   2                  rf_spi_write_byte(REG_BANK0_RF_SETUP, val);
 275   2                  break;
 276   2              case RF_RATE_2M:
 277   2                  val |= 0x08;
 278   2                  rf_spi_write_byte(REG_BANK0_RF_SETUP, val);
 279   2                  break;
 280   2              default:
 281   2                  break;
 282   2          }
 283   1      }
 284          
 285          /**
 286            * @brief  RF set channel function
 287            * @param  chn : the channel to set
 288            * @retval None
 289            */
 290          void rf_set_chn(u8 chn)
 291          {
 292   1        if(chn < 0x80) 
 293   1        {
 294   2          rf_spi_write_byte(REG_BANK0_RF_CH, chn);
 295   2        }
 296   1      }
C51 COMPILER V9.52.0.0   RF_OPERATE                                                        06/06/2026 21:26:42 PAGE 6   

 297          
 298          


MODULE INFORMATION:   STATIC OVERLAYABLE
   CODE SIZE        =    532    ----
   CONSTANT SIZE    =   ----    ----
   XDATA SIZE       =   ----    ----
   PDATA SIZE       =   ----    ----
   DATA SIZE        =   ----      21
   IDATA SIZE       =   ----    ----
   BIT SIZE         =   ----    ----
END OF MODULE INFORMATION.


C51 COMPILATION COMPLETE.  0 WARNING(S),  0 ERROR(S)
