C51 COMPILER V9.52.0.0   RF_SPI                                                            06/06/2026 21:26:43 PAGE 1   


C51 COMPILER V9.52.0.0, COMPILATION OF MODULE RF_SPI
OBJECT MODULE PLACED IN .\Release\Objects\rf_spi.obj
COMPILER INVOKED BY: D:\Keil\C51\BIN\C51.EXE ..\..\Libraries\Source\rf_spi.c BROWSE INTVECTOR(0X8000) INCDIR(..\..\Libra
                    -ries\Include;..\..\User) INTERVAL(3) DEBUG OBJECTEXTEND PRINT(.\Release\Listings\rf_spi.lst) TABS(2) OBJECT(.\Release\Ob
                    -jects\rf_spi.obj)

line level    source

   1          /**
   2            ******************************************************************************
   3            * @file    rf_spi.c
   4            * @author  HUGE-IC Application Team
   5            * @version V1.0.0
   6            * @date    26-02-2022
   7            * @brief   Main program body
   8            ******************************************************************************
   9            * @attention
  10            *
  11            * <h2><center>&copy; COPYRIGHT 2021 HUGE-IC</center></h2>
  12            *
  13            *
  14            *
  15            ******************************************************************************
  16            */ 
  17          
  18          /* Includes ------------------------------------------------------------------*/
  19          #include "include.h"
  20          
  21          /** @addtogroup Template_Project
  22            * @{
  23            */
  24            
  25          /* Private typedef -----------------------------------------------------------*/
  26          /* Private define ------------------------------------------------------------*/
  27          /* Private macro -------------------------------------------------------------*/
  28          /* Private variables ---------------------------------------------------------*/
  29          /* Private function prototypes -----------------------------------------------*/
  30          /* Private functions ---------------------------------------------------------*/
  31          
  32          /**
  33            * @brief  RF spi initialization function
  34            * @param  None
  35            * @retval None
  36            */
  37          void rf_spi_init(void)
  38          {
  39   1          // P03: spi data in and out
  40   1          // P02: spi clk
  41   1          P0_AF0 &= ~0xf0;
  42   1          P0_AF0 |= 0x50;
  43   1          // P03: io output
  44   1          // P02: io output
  45   1          P0_MD0 &= ~0xf0;
  46   1          // pull down spi clk
  47   1          P0_PD |= (1 << 2);
  48   1          P0_MD0 |=  0xa0;
  49   1          // P00: io output, be used as software controlled cs_n
  50   1          P0_MD0 &= ~0x3;
  51   1          P0_MD0 |=  0x1;
  52   1          // pull up cs_n
  53   1          P0_PU |= (1 << 0);
C51 COMPILER V9.52.0.0   RF_SPI                                                            06/06/2026 21:26:43 PAGE 2   

  54   1          // reset spi
  55   1          SYS_CON0 &= (~0x4);
  56   1          // enable clock of spi controller
  57   1          CLK_CON3 |= 0x4;
  58   1          // dereset spi
  59   1          SYS_CON0 |= 0x4;
  60   1          // baud rate
  61   1          SPI0_BAUD = SPI_BAUD;  
  62   1          // enable spi
  63   1          SPI0_CON |= 0x05;
  64   1          
  65   1          CSN_HIGH;
  66   1      }
  67          
  68          /**
  69            * @brief  RF spi write data function
  70            * @param  wdata : the data to be written
  71            * @retval None
  72            */
  73          void rf_spi_write_data(u8 wdata)
  74          {
  75   1          while(!(SPI0_STA & 0x01));
  76   1          // config tx mode
  77   1          SPI0_CON  &= ~(1 << 5);
  78   1          SPI0_DATA = wdata;
  79   1          while(!(SPI0_STA & 0x01));
  80   1      }
  81          
  82          /**
  83            * @brief  RF spi read data function
  84            * @param  None
  85            * @retval Read one byte of data
  86            */
  87          u8 rf_spi_read_data(void)
  88          {
  89   1          while(!(SPI0_STA & 0x01));
  90   1          // config rx mode
  91   1          SPI0_CON |= (1 << 5);
  92   1          // trigger receive data
  93   1          SPI0_DATA = 0x01; //NOP_N;
  94   1          while(!(SPI0_STA & (1 << 0)));
  95   1          return SPI0_DATA;
  96   1      }
  97          
  98          /**
  99            * @brief  RF spi write one byte function 
 100            * @param  addr  : address
 101            * @param  wdata : the data to be written
 102            * @retval None
 103            */
 104          void rf_spi_write_byte(u8 addr, u8 wdata)
 105          { 
 106   1          CSN_LOW;
 107   1          rf_spi_write_data(CMD_W_REGISTER | addr);
 108   1          rf_spi_write_data(wdata);
 109   1          CSN_HIGH;
 110   1      }
 111          
 112          /**
 113            * @brief  RF spi read one byte function 
 114            * @param  addr : address
 115            * @retval Read data
C51 COMPILER V9.52.0.0   RF_SPI                                                            06/06/2026 21:26:43 PAGE 3   

 116            */
 117          u8 rf_spi_read_byte(u8 addr)
 118          {
 119   1          u8 rdata;
 120   1          CSN_LOW;
 121   1          rf_spi_write_data(CMD_R_REGISTER | addr);
 122   1          rdata = rf_spi_read_data();
 123   1          CSN_HIGH;
 124   1          return rdata;
 125   1      }
 126          
 127          /**
 128            * @brief  RF spi write buffer function 
 129            * @param  addr   : address
 130            * @param  p_data : the pointer to write data  
 131            * @param  len    : data length
 132            * @retval None
 133            */ 
 134          void rf_spi_write_buf(u8 addr, u8 *p_data, u8 len)
 135          {
 136   1          u8 i;
 137   1          CSN_LOW;
 138   1          rf_spi_write_data(CMD_W_REGISTER | addr);
 139   1          for(i = 0; i < len; i++) {
 140   2              rf_spi_write_data(p_data[i]);
 141   2          }
 142   1          CSN_HIGH;
 143   1      }
 144          
 145          /**
 146            * @brief  RF spi read buffer function 
 147            * @param  addr   : address
 148            * @param  p_data : the pointer to read data  
 149            * @param  len    : data length
 150            * @retval None
 151            */ 
 152          void rf_spi_read_buf(u8 addr, u8 *p_data, u8 len)
 153          {
 154   1          u8 i;
 155   1          CSN_LOW;
 156   1          rf_spi_write_data(CMD_R_REGISTER | addr);
 157   1          
 158   1          for(i = 0; i < len; i++) {
 159   2              p_data[i] = rf_spi_read_data();
 160   2          }
 161   1          CSN_HIGH;
 162   1      }
 163          
 164          /**
 165            * @brief  RF spi write command operate function 
 166            * @param  cmd : command operation
 167            * @retval None
 168            */
 169          void rf_spi_write_cmd(u8 cmd)
 170          {
 171   1          CSN_LOW;
 172   1          rf_spi_write_data(cmd);
 173   1          CSN_HIGH;
 174   1      }
 175          
 176          /**
 177            * @brief  RF spi write command and data operate function 
C51 COMPILER V9.52.0.0   RF_SPI                                                            06/06/2026 21:26:43 PAGE 4   

 178            * @param  cmd   : command operation
 179            * @param  wdata : write data
 180            * @retval None
 181            */
 182          void rf_spi_write_cmd_data(u8 cmd, u8 wdata)
 183          {
 184   1          CSN_LOW;
 185   1          rf_spi_write_data(cmd);
 186   1          rf_spi_write_data(wdata);
 187   1          CSN_HIGH;
 188   1      }
 189          


MODULE INFORMATION:   STATIC OVERLAYABLE
   CODE SIZE        =    239    ----
   CONSTANT SIZE    =   ----    ----
   XDATA SIZE       =   ----    ----
   PDATA SIZE       =   ----    ----
   DATA SIZE        =   ----      10
   IDATA SIZE       =   ----    ----
   BIT SIZE         =   ----    ----
END OF MODULE INFORMATION.


C51 COMPILATION COMPLETE.  0 WARNING(S),  0 ERROR(S)
